<?xml version="1.0" encoding="UTF-8"?>
<testsuite xmlns:xsi="http://www.w3.org/2001/XMLSchema-instance" xsi:noNamespaceSchemaLocation="https://maven.apache.org/surefire/maven-surefire-plugin/xsd/surefire-test-report-3.0.xsd" version="3.0" name="com.example.voice.VoiceCommandParserTopologyTest" time="1.569" tests="4" errors="0" skipped="0" failures="0">
  <properties>
    <property name="java.specification.version" value="21"/>
    <property name="sun.cpu.isalist" value="amd64"/>
    <property name="sun.jnu.encoding" value="Cp1254"/>
    <property name="java.class.path" value="c:\Projects\java-projects\kafka-voice-command-app\kafka-streams-voice-command-parser\target\test-classes;c:\Projects\java-projects\kafka-voice-command-app\kafka-streams-voice-command-parser\target\classes;C:\Users\ahmet\.m2\repository\com\assemblyai\assemblyai-java\3.0.0\assemblyai-java-3.0.0.jar;C:\Users\ahmet\.m2\repository\com\squareup\okhttp3\okhttp\4.12.0\okhttp-4.12.0.jar;C:\Users\ahmet\.m2\repository\com\squareup\okio\okio\3.6.0\okio-3.6.0.jar;C:\Users\ahmet\.m2\repository\com\squareup\okio\okio-jvm\3.6.0\okio-jvm-3.6.0.jar;C:\Users\ahmet\.m2\repository\org\jetbrains\kotlin\kotlin-stdlib-common\1.9.10\kotlin-stdlib-common-1.9.10.jar;C:\Users\ahmet\.m2\repository\org\jetbrains\kotlin\kotlin-stdlib-jdk8\1.8.21\kotlin-stdlib-jdk8-1.8.21.jar;C:\Users\ahmet\.m2\repository\org\jetbrains\kotlin\kotlin-stdlib\1.8.21\kotlin-stdlib-1.8.21.jar;C:\Users\ahmet\.m2\repository\org\jetbrains\annotations\13.0\annotations-13.0.jar;C:\Users\ahmet\.m2\repository\org\jetbrains\kotlin\kotlin-stdlib-jdk7\1.8.21\kotlin-stdlib-jdk7-1.8.21.jar;C:\Users\ahmet\.m2\repository\com\fasterxml\jackson\datatype\jackson-datatype-jdk8\2.17.2\jackson-datatype-jdk8-2.17.2.jar;C:\Users\ahmet\.m2\repository\com\fasterxml\jackson\datatype\jackson-datatype-jsr310\2.17.2\jackson-datatype-jsr310-2.17.2.jar;C:\Users\ahmet\.m2\repository\javax\websocket\javax.websocket-api\1.1\javax.websocket-api-1.1.jar;C:\Users\ahmet\.m2\repository\org\apache\kafka\kafka-streams\3.8.0\kafka-streams-3.8.0.jar;C:\Users\ahmet\.m2\repository\org\apache\kafka\kafka-clients\3.8.0\kafka-clients-3.8.0.jar;C:\Users\ahmet\.m2\repository\com\github\luben\zstd-jni\1.5.6-3\zstd-jni-1.5.6-3.jar;C:\Users\ahmet\.m2\repository\org\lz4\lz4-java\1.8.0\lz4-java-1.8.0.jar;C:\Users\ahmet\.m2\repository\org\xerial\snappy\snappy-java\1.1.10.5\snappy-java-1.1.10.5.jar;C:\Users\ahmet\.m2\repository\org\rocksdb\rocksdbjni\7.9.2\rocksdbjni-7.9.2.jar;C:\Users\ahmet\.m2\repository\com\fasterxml\jackson\core\jackson-annotations\2.16.2\jackson-annotations-2.16.2.jar;C:\Users\ahmet\.m2\repository\com\fasterxml\jackson\core\jackson-databind\2.18.0\jackson-databind-2.18.0.jar;C:\Users\ahmet\.m2\repository\com\fasterxml\jackson\core\jackson-core\2.18.0\jackson-core-2.18.0.jar;C:\Users\ahmet\.m2\repository\org\slf4j\slf4j-api\2.0.16\slf4j-api-2.0.16.jar;C:\Users\ahmet\.m2\repository\org\slf4j\slf4j-reload4j\2.0.16\slf4j-reload4j-2.0.16.jar;C:\Users\ahmet\.m2\repository\ch\qos\reload4j\reload4j\1.2.22\reload4j-1.2.22.jar;C:\Users\ahmet\.m2\repository\org\projectlombok\lombok\1.18.34\lombok-1.18.34.jar;C:\Users\ahmet\.m2\repository\org\apache\kafka\kafka-streams-test-utils\3.8.0\kafka-streams-test-utils-3.8.0.jar;C:\Users\ahmet\.m2\repository\org\junit\jupiter\junit-jupiter\5.11.3\junit-jupiter-5.11.3.jar;C:\Users\ahmet\.m2\repository\org\junit\jupiter\junit-jupiter-api\5.11.3\junit-jupiter-api-5.11.3.jar;C:\Users\ahmet\.m2\repository\org\opentest4j\opentest4j\1.3.0\opentest4j-1.3.0.jar;C:\Users\ahmet\.m2\repository\org\junit\platform\junit-platform-commons\1.11.3\junit-platform-commons-1.11.3.jar;C:\Users\ahmet\.m2\repository\org\apiguardian\apiguardian-api\1.1.2\apiguardian-api-1.1.2.jar;C:\Users\ahmet\.m2\repository\org\junit\jupiter\junit-jupiter-params\5.11.3\junit-jupiter-params-5.11.3.jar;C:\Users\ahmet\.m2\repository\org\junit\jupiter\junit-jupiter-engine\5.11.3\junit-jupiter-engine-5.11.3.jar;C:\Users\ahmet\.m2\repository\org\junit\platform\junit-platform-engine\1.11.3\junit-platform-engine-1.11.3.jar;C:\Users\ahmet\.m2\repository\org\mockito\mockito-core\5.14.2\mockito-core-5.14.2.jar;C:\Users\ahmet\.m2\repository\net\bytebuddy\byte-buddy\1.15.4\byte-buddy-1.15.4.jar;C:\Users\ahmet\.m2\repository\net\bytebuddy\byte-buddy-agent\1.15.4\byte-buddy-agent-1.15.4.jar;C:\Users\ahmet\.m2\repository\org\objenesis\objenesis\3.3\objenesis-3.3.jar;C:\Users\ahmet\.m2\repository\org\mockito\mockito-junit-jupiter\5.14.2\mockito-junit-jupiter-5.14.2.jar;C:\Users\ahmet\.m2\repository\com\local\dev\kafka-voice-command-common\1.0.0\kafka-voice-command-common-1.0.0.jar;"/>
    <property name="java.vm.vendor" value="Oracle Corporation"/>
    <property name="sun.arch.data.model" value="64"/>
    <property name="user.variant" value=""/>
    <property name="java.vendor.url" value="https://java.oracle.com/"/>
    <property name="user.timezone" value="Europe/Istanbul"/>
    <property name="os.name" value="Windows 11"/>
    <property name="java.vm.specification.version" value="21"/>
    <property name="sun.java.launcher" value="SUN_STANDARD"/>
    <property name="user.country" value="US"/>
    <property name="sun.boot.library.path" value="C:\Program Files\Java\jdk-21\bin"/>
    <property name="sun.java.command" value="C:\Users\ahmet\AppData\Local\Temp\surefire13557022606188135224\surefirebooter-20241027203556913_3.jar C:\Users\ahmet\AppData\Local\Temp\surefire13557022606188135224 2024-10-27T20-35-56_783-jvmRun1 surefire-20241027203556913_1tmp surefire_0-20241027203556913_2tmp"/>
    <property name="jdk.debug" value="release"/>
    <property name="surefire.test.class.path" value="c:\Projects\java-projects\kafka-voice-command-app\kafka-streams-voice-command-parser\target\test-classes;c:\Projects\java-projects\kafka-voice-command-app\kafka-streams-voice-command-parser\target\classes;C:\Users\ahmet\.m2\repository\com\assemblyai\assemblyai-java\3.0.0\assemblyai-java-3.0.0.jar;C:\Users\ahmet\.m2\repository\com\squareup\okhttp3\okhttp\4.12.0\okhttp-4.12.0.jar;C:\Users\ahmet\.m2\repository\com\squareup\okio\okio\3.6.0\okio-3.6.0.jar;C:\Users\ahmet\.m2\repository\com\squareup\okio\okio-jvm\3.6.0\okio-jvm-3.6.0.jar;C:\Users\ahmet\.m2\repository\org\jetbrains\kotlin\kotlin-stdlib-common\1.9.10\kotlin-stdlib-common-1.9.10.jar;C:\Users\ahmet\.m2\repository\org\jetbrains\kotlin\kotlin-stdlib-jdk8\1.8.21\kotlin-stdlib-jdk8-1.8.21.jar;C:\Users\ahmet\.m2\repository\org\jetbrains\kotlin\kotlin-stdlib\1.8.21\kotlin-stdlib-1.8.21.jar;C:\Users\ahmet\.m2\repository\org\jetbrains\annotations\13.0\annotations-13.0.jar;C:\Users\ahmet\.m2\repository\org\jetbrains\kotlin\kotlin-stdlib-jdk7\1.8.21\kotlin-stdlib-jdk7-1.8.21.jar;C:\Users\ahmet\.m2\repository\com\fasterxml\jackson\datatype\jackson-datatype-jdk8\2.17.2\jackson-datatype-jdk8-2.17.2.jar;C:\Users\ahmet\.m2\repository\com\fasterxml\jackson\datatype\jackson-datatype-jsr310\2.17.2\jackson-datatype-jsr310-2.17.2.jar;C:\Users\ahmet\.m2\repository\javax\websocket\javax.websocket-api\1.1\javax.websocket-api-1.1.jar;C:\Users\ahmet\.m2\repository\org\apache\kafka\kafka-streams\3.8.0\kafka-streams-3.8.0.jar;C:\Users\ahmet\.m2\repository\org\apache\kafka\kafka-clients\3.8.0\kafka-clients-3.8.0.jar;C:\Users\ahmet\.m2\repository\com\github\luben\zstd-jni\1.5.6-3\zstd-jni-1.5.6-3.jar;C:\Users\ahmet\.m2\repository\org\lz4\lz4-java\1.8.0\lz4-java-1.8.0.jar;C:\Users\ahmet\.m2\repository\org\xerial\snappy\snappy-java\1.1.10.5\snappy-java-1.1.10.5.jar;C:\Users\ahmet\.m2\repository\org\rocksdb\rocksdbjni\7.9.2\rocksdbjni-7.9.2.jar;C:\Users\ahmet\.m2\repository\com\fasterxml\jackson\core\jackson-annotations\2.16.2\jackson-annotations-2.16.2.jar;C:\Users\ahmet\.m2\repository\com\fasterxml\jackson\core\jackson-databind\2.18.0\jackson-databind-2.18.0.jar;C:\Users\ahmet\.m2\repository\com\fasterxml\jackson\core\jackson-core\2.18.0\jackson-core-2.18.0.jar;C:\Users\ahmet\.m2\repository\org\slf4j\slf4j-api\2.0.16\slf4j-api-2.0.16.jar;C:\Users\ahmet\.m2\repository\org\slf4j\slf4j-reload4j\2.0.16\slf4j-reload4j-2.0.16.jar;C:\Users\ahmet\.m2\repository\ch\qos\reload4j\reload4j\1.2.22\reload4j-1.2.22.jar;C:\Users\ahmet\.m2\repository\org\projectlombok\lombok\1.18.34\lombok-1.18.34.jar;C:\Users\ahmet\.m2\repository\org\apache\kafka\kafka-streams-test-utils\3.8.0\kafka-streams-test-utils-3.8.0.jar;C:\Users\ahmet\.m2\repository\org\junit\jupiter\junit-jupiter\5.11.3\junit-jupiter-5.11.3.jar;C:\Users\ahmet\.m2\repository\org\junit\jupiter\junit-jupiter-api\5.11.3\junit-jupiter-api-5.11.3.jar;C:\Users\ahmet\.m2\repository\org\opentest4j\opentest4j\1.3.0\opentest4j-1.3.0.jar;C:\Users\ahmet\.m2\repository\org\junit\platform\junit-platform-commons\1.11.3\junit-platform-commons-1.11.3.jar;C:\Users\ahmet\.m2\repository\org\apiguardian\apiguardian-api\1.1.2\apiguardian-api-1.1.2.jar;C:\Users\ahmet\.m2\repository\org\junit\jupiter\junit-jupiter-params\5.11.3\junit-jupiter-params-5.11.3.jar;C:\Users\ahmet\.m2\repository\org\junit\jupiter\junit-jupiter-engine\5.11.3\junit-jupiter-engine-5.11.3.jar;C:\Users\ahmet\.m2\repository\org\junit\platform\junit-platform-engine\1.11.3\junit-platform-engine-1.11.3.jar;C:\Users\ahmet\.m2\repository\org\mockito\mockito-core\5.14.2\mockito-core-5.14.2.jar;C:\Users\ahmet\.m2\repository\net\bytebuddy\byte-buddy\1.15.4\byte-buddy-1.15.4.jar;C:\Users\ahmet\.m2\repository\net\bytebuddy\byte-buddy-agent\1.15.4\byte-buddy-agent-1.15.4.jar;C:\Users\ahmet\.m2\repository\org\objenesis\objenesis\3.3\objenesis-3.3.jar;C:\Users\ahmet\.m2\repository\org\mockito\mockito-junit-jupiter\5.14.2\mockito-junit-jupiter-5.14.2.jar;C:\Users\ahmet\.m2\repository\com\local\dev\kafka-voice-command-common\1.0.0\kafka-voice-command-common-1.0.0.jar;"/>
    <property name="sun.cpu.endian" value="little"/>
    <property name="user.home" value="C:\Users\ahmet"/>
    <property name="user.language" value="en"/>
    <property name="java.specification.vendor" value="Oracle Corporation"/>
    <property name="java.version.date" value="2023-09-19"/>
    <property name="java.home" value="C:\Program Files\Java\jdk-21"/>
    <property name="file.separator" value="\"/>
    <property name="basedir" value="c:\Projects\java-projects\kafka-voice-command-app\kafka-streams-voice-command-parser"/>
    <property name="java.vm.compressedOopsMode" value="Zero based"/>
    <property name="line.separator" value="&#10;"/>
    <property name="java.vm.specification.vendor" value="Oracle Corporation"/>
    <property name="java.specification.name" value="Java Platform API Specification"/>
    <property name="surefire.real.class.path" value="C:\Users\ahmet\AppData\Local\Temp\surefire13557022606188135224\surefirebooter-20241027203556913_3.jar"/>
    <property name="user.script" value=""/>
    <property name="sun.management.compiler" value="HotSpot 64-Bit Tiered Compilers"/>
    <property name="java.runtime.version" value="21+35-LTS-2513"/>
    <property name="user.name" value="ahmet"/>
    <property name="stdout.encoding" value="Cp1254"/>
    <property name="path.separator" value=";"/>
    <property name="os.version" value="10.0"/>
    <property name="java.runtime.name" value="Java(TM) SE Runtime Environment"/>
    <property name="file.encoding" value="UTF-8"/>
    <property name="java.vm.name" value="Java HotSpot(TM) 64-Bit Server VM"/>
    <property name="localRepository" value="C:\Users\ahmet\.m2\repository"/>
    <property name="java.vendor.url.bug" value="https://bugreport.java.com/bugreport/"/>
    <property name="java.io.tmpdir" value="C:\Users\ahmet\AppData\Local\Temp\"/>
    <property name="java.version" value="21"/>
    <property name="user.dir" value="c:\Projects\java-projects\kafka-voice-command-app\kafka-streams-voice-command-parser"/>
    <property name="os.arch" value="amd64"/>
    <property name="java.vm.specification.name" value="Java Virtual Machine Specification"/>
    <property name="sun.os.patch.level" value=""/>
    <property name="native.encoding" value="Cp1254"/>
    <property name="java.library.path" value="C:\Program Files\Java\jdk-21\bin;C:\WINDOWS\Sun\Java\bin;C:\WINDOWS\system32;C:\WINDOWS;C:\Program Files\Java\jdk-21\bin;C:\Python\Python3.12.2\Scripts\;C:\Python\Python3.12.2\;C:\Python\Python3.9.13\Scripts\;C:\Python\Python3.9.13\;C:\Python\Python3.11.6\Scripts;C:\Python\Python3.11.6;C:\Python\Python3.10.11\Scripts;C:\Python\Python3.10.11;C:\Program Files\NVIDIA GPU Computing Toolkit\CUDA\v11.8\bin;C:\Program Files\NVIDIA GPU Computing Toolkit\CUDA\v11.8\libnvvp;C:\Program Files\Common Files\Oracle\Java\javapath;C:\WINDOWS\system32;C:\WINDOWS;C:\WINDOWS\System32\Wbem;C:\WINDOWS\System32\WindowsPowerShell\v1.0\;C:\WINDOWS\System32\OpenSSH\;C:\Program Files\dotnet\;C:\Program Files\Azure Data Studio\bin;C:\Program Files (x86)\NVIDIA Corporation\PhysX\Common;C:\Program Files\NVIDIA Corporation\NVIDIA NvDLISR;C:\ProgramData\chocolatey\bin;C:\WINDOWS\system32;C:\WINDOWS;C:\WINDOWS\System32\Wbem;C:\WINDOWS\System32\WindowsPowerShell\v1.0\;C:\WINDOWS\System32\OpenSSH\;C:\Program Files\Git\cmd;C:\Program Files\Microsoft SQL Server\Client SDK\ODBC\170\Tools\Binn\;C:\Program Files\PostgreSQL\16\bin;C:\Program Files\mosquitto;C:\Program Files\Microsoft SQL Server\150\Tools\Binn\;C:\Program Files\Docker\Docker\resources\bin;C:\Program Files\nodejs\;C:\Program Files\MongoDB\mongosh-2.2.10-win32-x64\bin;C:\Program Files (x86)\Incredibuild;C:\Program Files (x86)\Windows Kits\10\Windows Performance Toolkit\;%MAVEN_HOME%\bin;C:\Users\ahmet\anaconda3;C:\Users\ahmet\anaconda3\Library\mingw-w64\bin;C:\Users\ahmet\anaconda3\Library\usr\bin;C:\Users\ahmet\anaconda3\Library\bin;C:\Users\ahmet\anaconda3\Scripts;C:\WINDOWS\system32\config\systemprofile\AppData\Local\Microsoft\WindowsApps;C:\WINDOWS\system32\config\systemprofile\.dotnet\tools;C:\Program Files\Azure Data Studio\bin;C:\Users\ahmet\AppData\Local\GitHubDesktop\bin;C:\Users\ahmet\AppData\Local\Programs\Microsoft VS Code\bin;%IntelliJ IDEA Community Edition%;C:\WINDOWS\system32\config\systemprofile\go\bin;C:\Program Files\MySQL\MySQL Server 8.0\bin;C:\Program Files\JetBrains\IntelliJ IDEA 2023.2.2\bin;C:\Program Files\mingw64\bin;C:\Program Files\CMake\bin;C:\Users\ahmet\Downloads\opencv\build\x64\vc16\bin;C:\Users\ahmet\AppData\Local\Programs\Lens\resources\cli\bin;C:\Users\ahmet\.kubescape;C:\Users\ahmet\AppData\Roaming\npm;C:\Program Files\Tesseract-OCR;."/>
    <property name="java.vm.info" value="mixed mode, sharing"/>
    <property name="stderr.encoding" value="Cp1254"/>
    <property name="java.vendor" value="Oracle Corporation"/>
    <property name="java.vm.version" value="21+35-LTS-2513"/>
    <property name="sun.io.unicode.encoding" value="UnicodeLittle"/>
    <property name="java.class.version" value="65.0"/>
  </properties>
  <testcase name="testWhenAudioTooShort" classname="com.example.voice.VoiceCommandParserTopologyTest" time="1.489">
    <system-out><![CDATA[INFO stream-thread [main] task [0_0] Initialized (org.apache.kafka.streams.processor.internals.StreamTask:267) 
INFO stream-thread [main] task [0_0] Restored and ready to run (org.apache.kafka.streams.processor.internals.StreamTask:295) 
]]></system-out>
    <system-err><![CDATA[Mockito is currently self-attaching to enable the inline-mock-maker. This will no longer work in future releases of the JDK. Please add Mockito as an agent to your build what is described in Mockito's documentation: https://javadoc.io/doc/org.mockito/mockito-core/latest/org/mockito/Mockito.html#0.3
WARNING: A Java agent has been loaded dynamically (C:\Users\ahmet\.m2\repository\net\bytebuddy\byte-buddy-agent\1.15.4\byte-buddy-agent-1.15.4.jar)
WARNING: If a serviceability tool is in use, please run with -XX:+EnableDynamicAgentLoading to hide this warning
WARNING: If a serviceability tool is not in use, please run with -Djdk.instrument.traceUsage for more information
WARNING: Dynamic loading of agents will be disallowed by default in a future release
]]></system-err>
  </testcase>
  <testcase name="testWhenTurkishDataParsedCorrectly" classname="com.example.voice.VoiceCommandParserTopologyTest" time="0.037">
    <system-out><![CDATA[INFO stream-thread [main] task [0_0] Initialized (org.apache.kafka.streams.processor.internals.StreamTask:267) 
INFO stream-thread [main] task [0_0] Restored and ready to run (org.apache.kafka.streams.processor.internals.StreamTask:295) 
]]></system-out>
  </testcase>
  <testcase name="testWhenNoRecognizedData" classname="com.example.voice.VoiceCommandParserTopologyTest" time="0.009">
    <system-out><![CDATA[INFO stream-thread [main] task [0_0] Initialized (org.apache.kafka.streams.processor.internals.StreamTask:267) 
INFO stream-thread [main] task [0_0] Restored and ready to run (org.apache.kafka.streams.processor.internals.StreamTask:295) 
]]></system-out>
  </testcase>
  <testcase name="testWhenEnglishDataParsedCorrectly" classname="com.example.voice.VoiceCommandParserTopologyTest" time="0.008">
    <system-out><![CDATA[INFO stream-thread [main] task [0_0] Initialized (org.apache.kafka.streams.processor.internals.StreamTask:267) 
INFO stream-thread [main] task [0_0] Restored and ready to run (org.apache.kafka.streams.processor.internals.StreamTask:295) 
]]></system-out>
  </testcase>
</testsuite>